<?xml version="1.0" encoding="UTF-8"?><testsuite errors="0" failures="0" name="Bloqueo Incremental" skipped="0" tests="5" time="4.96" timestamp="2022-04-06 11:15:51"><testcase name="Bloqueo incremental Contraseña de certificado fallido"/><testcase name="Bloqueo incremental Contraseña del API fallido"/><testcase name="Bloqueo incremental validando credenciales en ambiente no valido"/><testcase name="Bloqueo incremental validando el aumento de tiempo de bloqueo"/><testcase name="Bloqueo incremental con credenciales correctas"/></testsuite>